e:\workspace\vs2015\blinkdetector\blinkdetector\debug\vc140.pdb
e:\workspace\vs2015\blinkdetector\blinkdetector\debug\vc140.idb
e:\workspace\vs2015\blinkdetector\blinkdetector\debug\blinkdetector.obj
e:\workspace\vs2015\blinkdetector\blinkdetector\debug\main.obj
e:\workspace\vs2015\blinkdetector\debug\blinkdetector.pdb
e:\workspace\vs2015\blinkdetector\blinkdetector\debug\blinkdetector.tlog\cl.command.1.tlog
e:\workspace\vs2015\blinkdetector\blinkdetector\debug\blinkdetector.tlog\cl.read.1.tlog
e:\workspace\vs2015\blinkdetector\blinkdetector\debug\blinkdetector.tlog\cl.write.1.tlog
e:\workspace\vs2015\blinkdetector\blinkdetector\debug\blinkdetector.tlog\link-cvtres.read.1.tlog
e:\workspace\vs2015\blinkdetector\blinkdetector\debug\blinkdetector.tlog\link-cvtres.write.1.tlog
e:\workspace\vs2015\blinkdetector\blinkdetector\debug\blinkdetector.tlog\link-rc.read.1.tlog
e:\workspace\vs2015\blinkdetector\blinkdetector\debug\blinkdetector.tlog\link-rc.write.1.tlog
e:\workspace\vs2015\blinkdetector\blinkdetector\debug\blinkdetector.tlog\link.2144-cvtres.read.1.tlog
e:\workspace\vs2015\blinkdetector\blinkdetector\debug\blinkdetector.tlog\link.2144-cvtres.write.1.tlog
e:\workspace\vs2015\blinkdetector\blinkdetector\debug\blinkdetector.tlog\link.2144-rc.read.1.tlog
e:\workspace\vs2015\blinkdetector\blinkdetector\debug\blinkdetector.tlog\link.2144-rc.write.1.tlog
e:\workspace\vs2015\blinkdetector\blinkdetector\debug\blinkdetector.tlog\link.2144.read.1.tlog
e:\workspace\vs2015\blinkdetector\blinkdetector\debug\blinkdetector.tlog\link.2144.write.1.tlog
e:\workspace\vs2015\blinkdetector\blinkdetector\debug\blinkdetector.tlog\link.command.1.tlog
e:\workspace\vs2015\blinkdetector\blinkdetector\debug\blinkdetector.tlog\link.read.1.tlog
e:\workspace\vs2015\blinkdetector\blinkdetector\debug\blinkdetector.tlog\link.write.1.tlog
